zxing/sample/build/intermediates/manifest_merge_blame_file/debug/manifest-merger-blame-debug-report.txt
1<?xml version="1.0" encoding="utf-8"?>
2<manifest xmlns:android="http://schemas.android.com/apk/res/android"
3    package="example.zxing"
4    android:versionCode="410"
5    android:versionName="4.1.0" >
6
7    <uses-sdk
8        android:minSdkVersion="24"
8-->src/main/AndroidManifest.xml
9        android:targetSdkVersion="28" />
9-->src/main/AndroidManifest.xml
10
11    <!-- To store the heap dumps and leak analysis results. -->
12    <uses-permission android:name="android.permission.READ_EXTERNAL_STORAGE" />
12-->[com.squareup.leakcanary:leakcanary-android:1.5] AndroidManifest.xml:25:5-80
12-->[com.squareup.leakcanary:leakcanary-android:1.5] AndroidManifest.xml:25:22-77
13    <uses-permission android:name="android.permission.WRITE_EXTERNAL_STORAGE" />
13-->[com.squareup.leakcanary:leakcanary-android:1.5] AndroidManifest.xml:26:5-81
13-->[com.squareup.leakcanary:leakcanary-android:1.5] AndroidManifest.xml:26:22-78
14    <uses-permission android:name="android.permission.CAMERA" /> <!-- Don't require camera, as this requires a rear camera. This allows it to work on the Nexus 7 -->
14-->[:zxing-android-embedded] AndroidManifest.xml:23:5-65
14-->[:zxing-android-embedded] AndroidManifest.xml:23:22-62
15    <uses-feature
15-->[:zxing-android-embedded] AndroidManifest.xml:26:5-28:36
16        android:name="android.hardware.camera"
16-->[:zxing-android-embedded] AndroidManifest.xml:27:9-47
17        android:required="false" />
17-->[:zxing-android-embedded] AndroidManifest.xml:28:9-33
18    <uses-feature
18-->[:zxing-android-embedded] AndroidManifest.xml:29:5-31:36
19        android:name="android.hardware.camera.front"
19-->[:zxing-android-embedded] AndroidManifest.xml:30:9-53
20        android:required="false" /> <!-- TODO replace above two with next line after Android 4.2 -->
20-->[:zxing-android-embedded] AndroidManifest.xml:31:9-33
21    <!-- <uses-feature android:name="android.hardware.camera.any"/> -->
22    <uses-feature
22-->[:zxing-android-embedded] AndroidManifest.xml:34:5-36:36
23        android:name="android.hardware.camera.autofocus"
23-->[:zxing-android-embedded] AndroidManifest.xml:35:9-57
24        android:required="false" />
24-->[:zxing-android-embedded] AndroidManifest.xml:36:9-33
25    <uses-feature
25-->[:zxing-android-embedded] AndroidManifest.xml:37:5-39:36
26        android:name="android.hardware.camera.flash"
26-->[:zxing-android-embedded] AndroidManifest.xml:38:9-53
27        android:required="false" />
27-->[:zxing-android-embedded] AndroidManifest.xml:39:9-33
28    <uses-feature
28-->[:zxing-android-embedded] AndroidManifest.xml:40:5-42:36
29        android:name="android.hardware.screen.landscape"
29-->[:zxing-android-embedded] AndroidManifest.xml:41:9-57
30        android:required="false" />
30-->[:zxing-android-embedded] AndroidManifest.xml:42:9-33
31    <uses-feature
31-->[:zxing-android-embedded] AndroidManifest.xml:43:5-45:36
32        android:name="android.hardware.wifi"
32-->[:zxing-android-embedded] AndroidManifest.xml:44:9-45
33        android:required="false" />
33-->[:zxing-android-embedded] AndroidManifest.xml:45:9-33
34
35    <application
35-->src/main/AndroidManifest.xml:5:5-50:19
36        android:name="example.zxing.SampleApplication"
36-->src/main/AndroidManifest.xml:6:9-42
37        android:allowBackup="false"
37-->src/main/AndroidManifest.xml:7:9-36
38        android:appComponentFactory="androidx.core.app.CoreComponentFactory"
38-->[androidx.core:core:1.1.0] AndroidManifest.xml:24:18-86
39        android:debuggable="true"
40        android:icon="@drawable/icon"
40-->src/main/AndroidManifest.xml:8:9-38
41        android:label="@string/app_name"
41-->src/main/AndroidManifest.xml:9:9-41
42        android:testOnly="true" >
43        <activity
43-->src/main/AndroidManifest.xml:10:9-19:20
44            android:name="example.zxing.MainActivity"
44-->src/main/AndroidManifest.xml:11:13-41
45            android:label="@string/app_name"
45-->src/main/AndroidManifest.xml:12:13-45
46            android:theme="@style/AppTheme" >
46-->src/main/AndroidManifest.xml:13:13-44
47            <intent-filter>
47-->src/main/AndroidManifest.xml:14:13-18:29
48                <action android:name="android.intent.action.MAIN" />
48-->src/main/AndroidManifest.xml:15:17-69
48-->src/main/AndroidManifest.xml:15:25-66
49
50                <category android:name="android.intent.category.LAUNCHER" />
50-->src/main/AndroidManifest.xml:17:17-77
50-->src/main/AndroidManifest.xml:17:27-74
51            </intent-filter>
52        </activity>
53        <activity android:name="example.zxing.ContinuousCaptureActivity" />
53-->src/main/AndroidManifest.xml:20:9-72
53-->src/main/AndroidManifest.xml:20:19-60
54        <activity
54-->src/main/AndroidManifest.xml:21:9-26:72
55            android:name="example.zxing.AnyOrientationCaptureActivity"
55-->src/main/AndroidManifest.xml:22:13-58
56            android:screenOrientation="fullSensor"
56-->src/main/AndroidManifest.xml:23:13-51
57            android:stateNotNeeded="true"
57-->src/main/AndroidManifest.xml:24:13-42
58            android:theme="@style/zxing_CaptureTheme"
58-->src/main/AndroidManifest.xml:25:13-54
59            android:windowSoftInputMode="stateAlwaysHidden" />
59-->src/main/AndroidManifest.xml:26:13-60
60        <activity
60-->src/main/AndroidManifest.xml:27:9-33:72
61            android:name="example.zxing.ToolbarCaptureActivity"
61-->src/main/AndroidManifest.xml:28:13-51
62            android:clearTaskOnLaunch="true"
62-->src/main/AndroidManifest.xml:29:13-45
63            android:screenOrientation="portrait"
63-->src/main/AndroidManifest.xml:30:13-49
64            android:stateNotNeeded="true"
64-->src/main/AndroidManifest.xml:31:13-42
65            android:theme="@style/AppCompatCaptureTheme"
65-->src/main/AndroidManifest.xml:32:13-57
66            android:windowSoftInputMode="stateAlwaysHidden" />
66-->src/main/AndroidManifest.xml:33:13-60
67        <activity
67-->src/main/AndroidManifest.xml:34:9-39:72
68            android:name="example.zxing.CustomScannerActivity"
68-->src/main/AndroidManifest.xml:35:13-50
69            android:screenOrientation="fullSensor"
69-->src/main/AndroidManifest.xml:36:13-51
70            android:stateNotNeeded="true"
70-->src/main/AndroidManifest.xml:37:13-42
71            android:theme="@style/zxing_CaptureTheme"
71-->src/main/AndroidManifest.xml:38:13-54
72            android:windowSoftInputMode="stateAlwaysHidden" />
72-->src/main/AndroidManifest.xml:39:13-60
73        <activity
73-->src/main/AndroidManifest.xml:40:9-45:72
74            android:name="example.zxing.SmallCaptureActivity"
74-->src/main/AndroidManifest.xml:41:13-49
75            android:screenOrientation="fullSensor"
75-->src/main/AndroidManifest.xml:42:13-51
76            android:stateNotNeeded="true"
76-->src/main/AndroidManifest.xml:43:13-42
77            android:theme="@style/zxing_CaptureTheme"
77-->src/main/AndroidManifest.xml:44:13-54
78            android:windowSoftInputMode="stateAlwaysHidden" />
78-->src/main/AndroidManifest.xml:45:13-60
79        <activity
79-->src/main/AndroidManifest.xml:46:9-49:79
80            android:name="example.zxing.TabbedScanning"
80-->src/main/AndroidManifest.xml:47:13-43
81            android:label="@string/title_activity_tabbed_scanning"
81-->src/main/AndroidManifest.xml:49:13-67
82            android:theme="@style/Theme.AppCompat" />
82-->src/main/AndroidManifest.xml:48:13-51
83
84        <service
84-->[com.squareup.leakcanary:leakcanary-android:1.5] AndroidManifest.xml:29:9-32:45
85            android:name="com.squareup.leakcanary.internal.HeapAnalyzerService"
85-->[com.squareup.leakcanary:leakcanary-android:1.5] AndroidManifest.xml:30:13-80
86            android:enabled="false"
86-->[com.squareup.leakcanary:leakcanary-android:1.5] AndroidManifest.xml:31:13-36
87            android:process=":leakcanary" />
87-->[com.squareup.leakcanary:leakcanary-android:1.5] AndroidManifest.xml:32:13-42
88        <service
88-->[com.squareup.leakcanary:leakcanary-android:1.5] AndroidManifest.xml:33:9-35:39
89            android:name="com.squareup.leakcanary.DisplayLeakService"
89-->[com.squareup.leakcanary:leakcanary-android:1.5] AndroidManifest.xml:34:13-70
90            android:enabled="false" />
90-->[com.squareup.leakcanary:leakcanary-android:1.5] AndroidManifest.xml:35:13-36
91
92        <activity
92-->[com.squareup.leakcanary:leakcanary-android:1.5] AndroidManifest.xml:37:9-49:20
93            android:name="com.squareup.leakcanary.internal.DisplayLeakActivity"
93-->[com.squareup.leakcanary:leakcanary-android:1.5] AndroidManifest.xml:38:13-80
94            android:enabled="false"
94-->[com.squareup.leakcanary:leakcanary-android:1.5] AndroidManifest.xml:39:13-36
95            android:icon="@drawable/leak_canary_icon"
95-->[com.squareup.leakcanary:leakcanary-android:1.5] AndroidManifest.xml:40:13-54
96            android:label="@string/leak_canary_display_activity_label"
96-->[com.squareup.leakcanary:leakcanary-android:1.5] AndroidManifest.xml:41:13-71
97            android:taskAffinity="com.squareup.leakcanary"
97-->[com.squareup.leakcanary:leakcanary-android:1.5] AndroidManifest.xml:42:13-59
98            android:theme="@style/leak_canary_LeakCanary.Base" >
98-->[com.squareup.leakcanary:leakcanary-android:1.5] AndroidManifest.xml:43:13-63
99            <intent-filter>
99-->src/main/AndroidManifest.xml:14:13-18:29
100                <action android:name="android.intent.action.MAIN" />
100-->src/main/AndroidManifest.xml:15:17-69
100-->src/main/AndroidManifest.xml:15:25-66
101
102                <category android:name="android.intent.category.LAUNCHER" />
102-->src/main/AndroidManifest.xml:17:17-77
102-->src/main/AndroidManifest.xml:17:27-74
103            </intent-filter>
104        </activity>
105        <activity
105-->[com.squareup.leakcanary:leakcanary-android:1.5] AndroidManifest.xml:50:9-56:68
106            android:name="com.squareup.leakcanary.internal.RequestStoragePermissionActivity"
106-->[com.squareup.leakcanary:leakcanary-android:1.5] AndroidManifest.xml:51:13-93
107            android:enabled="false"
107-->[com.squareup.leakcanary:leakcanary-android:1.5] AndroidManifest.xml:52:13-36
108            android:icon="@drawable/leak_canary_icon"
108-->[com.squareup.leakcanary:leakcanary-android:1.5] AndroidManifest.xml:53:13-54
109            android:label="@string/leak_canary_storage_permission_activity_label"
109-->[com.squareup.leakcanary:leakcanary-android:1.5] AndroidManifest.xml:54:13-82
110            android:taskAffinity="com.squareup.leakcanary"
110-->[com.squareup.leakcanary:leakcanary-android:1.5] AndroidManifest.xml:55:13-59
111            android:theme="@style/leak_canary_Theme.Transparent" />
111-->[com.squareup.leakcanary:leakcanary-android:1.5] AndroidManifest.xml:56:13-65
112        <activity
112-->[:zxing-android-embedded] AndroidManifest.xml:48:9-54:63
113            android:name="com.journeyapps.barcodescanner.CaptureActivity"
113-->[:zxing-android-embedded] AndroidManifest.xml:49:13-74
114            android:clearTaskOnLaunch="true"
114-->[:zxing-android-embedded] AndroidManifest.xml:50:13-45
115            android:screenOrientation="sensorLandscape"
115-->[:zxing-android-embedded] AndroidManifest.xml:51:13-56
116            android:stateNotNeeded="true"
116-->[:zxing-android-embedded] AndroidManifest.xml:52:13-42
117            android:theme="@style/zxing_CaptureTheme"
117-->[:zxing-android-embedded] AndroidManifest.xml:53:13-54
118            android:windowSoftInputMode="stateAlwaysHidden" />
118-->[:zxing-android-embedded] AndroidManifest.xml:54:13-60
119        <activity android:name="com.mikepenz.aboutlibraries.ui.LibsActivity" />
119-->[com.mikepenz:aboutlibraries:6.2.3] AndroidManifest.xml:12:9-80
119-->[com.mikepenz:aboutlibraries:6.2.3] AndroidManifest.xml:12:19-77
120    </application>
121
122</manifest>